2016-07-24 15:21:58,506 - requests_oauthlib.oauth1_auth - DEBUG - Signing request <PreparedRequest [POST]> using client <Client nonce=None, signature_method=HMAC-SHA1, realm=None, encoding=utf-8, timestamp=None, resource_owner_secret=****, decoding=None, verifier=None, signature_type=AUTH_HEADER, rsa_key=None, resource_owner_key=<enter your access token>, client_secret=****, callback_uri=None, client_key=<enter your consumer key>>
2016-07-24 15:21:58,506 - requests_oauthlib.oauth1_auth - DEBUG - Including body in call to sign: True
2016-07-24 15:21:58,507 - oauthlib.oauth1.rfc5849 - DEBUG - Collected params: [(u'delimited', u'length'), (u'oauth_nonce', u'177453092743486369921469373718'), (u'oauth_timestamp', u'1469373718'), (u'oauth_consumer_key', u'<enter your consumer key>'), (u'oauth_signature_method', u'HMAC-SHA1'), (u'oauth_version', u'1.0'), (u'oauth_token', u'<enter your access token>'), (u'track', u'a,the,i,you,u'), (u'language', u'en')]
2016-07-24 15:21:58,507 - oauthlib.oauth1.rfc5849 - DEBUG - Normalized params: delimited=length&language=en&oauth_consumer_key=%3Center%20your%20consumer%20key%3E&oauth_nonce=177453092743486369921469373718&oauth_signature_method=HMAC-SHA1&oauth_timestamp=1469373718&oauth_token=%3Center%20your%20access%20token%3E&oauth_version=1.0&track=a%2Cthe%2Ci%2Cyou%2Cu
2016-07-24 15:21:58,507 - oauthlib.oauth1.rfc5849 - DEBUG - Normalized URI: https://stream.twitter.com/1.1/statuses/filter.json
2016-07-24 15:21:58,507 - oauthlib.oauth1.rfc5849 - DEBUG - Base signing string: POST&https%3A%2F%2Fstream.twitter.com%2F1.1%2Fstatuses%2Ffilter.json&delimited%3Dlength%26language%3Den%26oauth_consumer_key%3D%253Center%2520your%2520consumer%2520key%253E%26oauth_nonce%3D177453092743486369921469373718%26oauth_signature_method%3DHMAC-SHA1%26oauth_timestamp%3D1469373718%26oauth_token%3D%253Center%2520your%2520access%2520token%253E%26oauth_version%3D1.0%26track%3Da%252Cthe%252Ci%252Cyou%252Cu
2016-07-24 15:21:58,508 - oauthlib.oauth1.rfc5849 - DEBUG - Signature: miDr6XhR4RECaAUwOdTtK+ef3eI=
2016-07-24 15:21:58,508 - requests_oauthlib.oauth1_auth - DEBUG - Updated url: https://stream.twitter.com/1.1/statuses/filter.json?delimited=length
2016-07-24 15:21:58,508 - requests_oauthlib.oauth1_auth - DEBUG - Updated headers: {u'Content-Length': u'39', u'Content-Type': u'application/x-www-form-urlencoded', u'Authorization': u'OAuth oauth_nonce="177453092743486369921469373718", oauth_timestamp="1469373718", oauth_version="1.0", oauth_signature_method="HMAC-SHA1", oauth_consumer_key="%3Center%20your%20consumer%20key%3E", oauth_token="%3Center%20your%20access%20token%3E", oauth_signature="miDr6XhR4RECaAUwOdTtK%2Bef3eI%3D"'}
2016-07-24 15:21:58,508 - requests_oauthlib.oauth1_auth - DEBUG - Updated body: u'track=a%2Cthe%2Ci%2Cyou%2Cu&language=en'
2016-07-24 15:21:58,509 - requests.packages.urllib3.connectionpool - INFO - Starting new HTTPS connection (1): stream.twitter.com
2016-07-24 15:21:58,588 - requests.packages.urllib3.connectionpool - DEBUG - "POST /1.1/statuses/filter.json?delimited=length HTTP/1.1" 401 283
2016-07-24 15:22:03,594 - requests_oauthlib.oauth1_auth - DEBUG - Signing request <PreparedRequest [POST]> using client <Client nonce=None, signature_method=HMAC-SHA1, realm=None, encoding=utf-8, timestamp=None, resource_owner_secret=****, decoding=None, verifier=None, signature_type=AUTH_HEADER, rsa_key=None, resource_owner_key=<enter your access token>, client_secret=****, callback_uri=None, client_key=<enter your consumer key>>
2016-07-24 15:22:03,594 - requests_oauthlib.oauth1_auth - DEBUG - Including body in call to sign: True
2016-07-24 15:22:03,595 - oauthlib.oauth1.rfc5849 - DEBUG - Collected params: [(u'delimited', u'length'), (u'oauth_nonce', u'118279306768205082591469373723'), (u'oauth_timestamp', u'1469373723'), (u'oauth_consumer_key', u'<enter your consumer key>'), (u'oauth_signature_method', u'HMAC-SHA1'), (u'oauth_version', u'1.0'), (u'oauth_token', u'<enter your access token>'), (u'track', u'a,the,i,you,u'), (u'language', u'en')]
2016-07-24 15:22:03,595 - oauthlib.oauth1.rfc5849 - DEBUG - Normalized params: delimited=length&language=en&oauth_consumer_key=%3Center%20your%20consumer%20key%3E&oauth_nonce=118279306768205082591469373723&oauth_signature_method=HMAC-SHA1&oauth_timestamp=1469373723&oauth_token=%3Center%20your%20access%20token%3E&oauth_version=1.0&track=a%2Cthe%2Ci%2Cyou%2Cu
2016-07-24 15:22:03,595 - oauthlib.oauth1.rfc5849 - DEBUG - Normalized URI: https://stream.twitter.com/1.1/statuses/filter.json
2016-07-24 15:22:03,595 - oauthlib.oauth1.rfc5849 - DEBUG - Base signing string: POST&https%3A%2F%2Fstream.twitter.com%2F1.1%2Fstatuses%2Ffilter.json&delimited%3Dlength%26language%3Den%26oauth_consumer_key%3D%253Center%2520your%2520consumer%2520key%253E%26oauth_nonce%3D118279306768205082591469373723%26oauth_signature_method%3DHMAC-SHA1%26oauth_timestamp%3D1469373723%26oauth_token%3D%253Center%2520your%2520access%2520token%253E%26oauth_version%3D1.0%26track%3Da%252Cthe%252Ci%252Cyou%252Cu
2016-07-24 15:22:03,596 - oauthlib.oauth1.rfc5849 - DEBUG - Signature: gttTLlAIH+0Qr7xrol4V7F5iewc=
2016-07-24 15:22:03,596 - requests_oauthlib.oauth1_auth - DEBUG - Updated url: https://stream.twitter.com/1.1/statuses/filter.json?delimited=length
2016-07-24 15:22:03,596 - requests_oauthlib.oauth1_auth - DEBUG - Updated headers: {u'Content-Length': u'39', u'Content-Type': u'application/x-www-form-urlencoded', u'Authorization': u'OAuth oauth_nonce="118279306768205082591469373723", oauth_timestamp="1469373723", oauth_version="1.0", oauth_signature_method="HMAC-SHA1", oauth_consumer_key="%3Center%20your%20consumer%20key%3E", oauth_token="%3Center%20your%20access%20token%3E", oauth_signature="gttTLlAIH%2B0Qr7xrol4V7F5iewc%3D"'}
2016-07-24 15:22:03,596 - requests_oauthlib.oauth1_auth - DEBUG - Updated body: u'track=a%2Cthe%2Ci%2Cyou%2Cu&language=en'
2016-07-24 15:22:03,597 - requests.packages.urllib3.connectionpool - INFO - Starting new HTTPS connection (2): stream.twitter.com
2016-07-24 15:22:03,666 - requests.packages.urllib3.connectionpool - DEBUG - "POST /1.1/statuses/filter.json?delimited=length HTTP/1.1" 401 283
2016-07-24 15:22:13,677 - requests_oauthlib.oauth1_auth - DEBUG - Signing request <PreparedRequest [POST]> using client <Client nonce=None, signature_method=HMAC-SHA1, realm=None, encoding=utf-8, timestamp=None, resource_owner_secret=****, decoding=None, verifier=None, signature_type=AUTH_HEADER, rsa_key=None, resource_owner_key=<enter your access token>, client_secret=****, callback_uri=None, client_key=<enter your consumer key>>
2016-07-24 15:22:13,678 - requests_oauthlib.oauth1_auth - DEBUG - Including body in call to sign: True
2016-07-24 15:22:13,678 - oauthlib.oauth1.rfc5849 - DEBUG - Collected params: [(u'delimited', u'length'), (u'oauth_nonce', u'63385632216497386391469373733'), (u'oauth_timestamp', u'1469373733'), (u'oauth_consumer_key', u'<enter your consumer key>'), (u'oauth_signature_method', u'HMAC-SHA1'), (u'oauth_version', u'1.0'), (u'oauth_token', u'<enter your access token>'), (u'track', u'a,the,i,you,u'), (u'language', u'en')]
2016-07-24 15:22:13,678 - oauthlib.oauth1.rfc5849 - DEBUG - Normalized params: delimited=length&language=en&oauth_consumer_key=%3Center%20your%20consumer%20key%3E&oauth_nonce=63385632216497386391469373733&oauth_signature_method=HMAC-SHA1&oauth_timestamp=1469373733&oauth_token=%3Center%20your%20access%20token%3E&oauth_version=1.0&track=a%2Cthe%2Ci%2Cyou%2Cu
2016-07-24 15:22:13,679 - oauthlib.oauth1.rfc5849 - DEBUG - Normalized URI: https://stream.twitter.com/1.1/statuses/filter.json
2016-07-24 15:22:13,679 - oauthlib.oauth1.rfc5849 - DEBUG - Base signing string: POST&https%3A%2F%2Fstream.twitter.com%2F1.1%2Fstatuses%2Ffilter.json&delimited%3Dlength%26language%3Den%26oauth_consumer_key%3D%253Center%2520your%2520consumer%2520key%253E%26oauth_nonce%3D63385632216497386391469373733%26oauth_signature_method%3DHMAC-SHA1%26oauth_timestamp%3D1469373733%26oauth_token%3D%253Center%2520your%2520access%2520token%253E%26oauth_version%3D1.0%26track%3Da%252Cthe%252Ci%252Cyou%252Cu
2016-07-24 15:22:13,679 - oauthlib.oauth1.rfc5849 - DEBUG - Signature: S+y5tfXR8pIfhg0CPg+eArr/iZM=
2016-07-24 15:22:13,679 - requests_oauthlib.oauth1_auth - DEBUG - Updated url: https://stream.twitter.com/1.1/statuses/filter.json?delimited=length
2016-07-24 15:22:13,679 - requests_oauthlib.oauth1_auth - DEBUG - Updated headers: {u'Content-Length': u'39', u'Content-Type': u'application/x-www-form-urlencoded', u'Authorization': u'OAuth oauth_nonce="63385632216497386391469373733", oauth_timestamp="1469373733", oauth_version="1.0", oauth_signature_method="HMAC-SHA1", oauth_consumer_key="%3Center%20your%20consumer%20key%3E", oauth_token="%3Center%20your%20access%20token%3E", oauth_signature="S%2By5tfXR8pIfhg0CPg%2BeArr%2FiZM%3D"'}
2016-07-24 15:22:13,680 - requests_oauthlib.oauth1_auth - DEBUG - Updated body: u'track=a%2Cthe%2Ci%2Cyou%2Cu&language=en'
2016-07-24 15:22:13,680 - requests.packages.urllib3.connectionpool - INFO - Starting new HTTPS connection (3): stream.twitter.com
2016-07-24 15:22:13,751 - requests.packages.urllib3.connectionpool - DEBUG - "POST /1.1/statuses/filter.json?delimited=length HTTP/1.1" 401 283
2016-07-24 15:22:33,756 - requests_oauthlib.oauth1_auth - DEBUG - Signing request <PreparedRequest [POST]> using client <Client nonce=None, signature_method=HMAC-SHA1, realm=None, encoding=utf-8, timestamp=None, resource_owner_secret=****, decoding=None, verifier=None, signature_type=AUTH_HEADER, rsa_key=None, resource_owner_key=<enter your access token>, client_secret=****, callback_uri=None, client_key=<enter your consumer key>>
2016-07-24 15:22:33,757 - requests_oauthlib.oauth1_auth - DEBUG - Including body in call to sign: True
2016-07-24 15:22:33,757 - oauthlib.oauth1.rfc5849 - DEBUG - Collected params: [(u'delimited', u'length'), (u'oauth_nonce', u'103913884462053516321469373753'), (u'oauth_timestamp', u'1469373753'), (u'oauth_consumer_key', u'<enter your consumer key>'), (u'oauth_signature_method', u'HMAC-SHA1'), (u'oauth_version', u'1.0'), (u'oauth_token', u'<enter your access token>'), (u'track', u'a,the,i,you,u'), (u'language', u'en')]
2016-07-24 15:22:33,758 - oauthlib.oauth1.rfc5849 - DEBUG - Normalized params: delimited=length&language=en&oauth_consumer_key=%3Center%20your%20consumer%20key%3E&oauth_nonce=103913884462053516321469373753&oauth_signature_method=HMAC-SHA1&oauth_timestamp=1469373753&oauth_token=%3Center%20your%20access%20token%3E&oauth_version=1.0&track=a%2Cthe%2Ci%2Cyou%2Cu
2016-07-24 15:22:33,758 - oauthlib.oauth1.rfc5849 - DEBUG - Normalized URI: https://stream.twitter.com/1.1/statuses/filter.json
2016-07-24 15:22:33,758 - oauthlib.oauth1.rfc5849 - DEBUG - Base signing string: POST&https%3A%2F%2Fstream.twitter.com%2F1.1%2Fstatuses%2Ffilter.json&delimited%3Dlength%26language%3Den%26oauth_consumer_key%3D%253Center%2520your%2520consumer%2520key%253E%26oauth_nonce%3D103913884462053516321469373753%26oauth_signature_method%3DHMAC-SHA1%26oauth_timestamp%3D1469373753%26oauth_token%3D%253Center%2520your%2520access%2520token%253E%26oauth_version%3D1.0%26track%3Da%252Cthe%252Ci%252Cyou%252Cu
2016-07-24 15:22:33,758 - oauthlib.oauth1.rfc5849 - DEBUG - Signature: zPxdm26Wc3aAGUhwWCV/KZR96B0=
2016-07-24 15:22:33,758 - requests_oauthlib.oauth1_auth - DEBUG - Updated url: https://stream.twitter.com/1.1/statuses/filter.json?delimited=length
2016-07-24 15:22:33,758 - requests_oauthlib.oauth1_auth - DEBUG - Updated headers: {u'Content-Length': u'39', u'Content-Type': u'application/x-www-form-urlencoded', u'Authorization': u'OAuth oauth_nonce="103913884462053516321469373753", oauth_timestamp="1469373753", oauth_version="1.0", oauth_signature_method="HMAC-SHA1", oauth_consumer_key="%3Center%20your%20consumer%20key%3E", oauth_token="%3Center%20your%20access%20token%3E", oauth_signature="zPxdm26Wc3aAGUhwWCV%2FKZR96B0%3D"'}
2016-07-24 15:22:33,759 - requests_oauthlib.oauth1_auth - DEBUG - Updated body: u'track=a%2Cthe%2Ci%2Cyou%2Cu&language=en'
2016-07-24 15:22:33,759 - requests.packages.urllib3.connectionpool - INFO - Starting new HTTPS connection (4): stream.twitter.com
2016-07-24 15:22:33,829 - requests.packages.urllib3.connectionpool - DEBUG - "POST /1.1/statuses/filter.json?delimited=length HTTP/1.1" 401 283
2016-07-24 15:23:13,855 - requests_oauthlib.oauth1_auth - DEBUG - Signing request <PreparedRequest [POST]> using client <Client nonce=None, signature_method=HMAC-SHA1, realm=None, encoding=utf-8, timestamp=None, resource_owner_secret=****, decoding=None, verifier=None, signature_type=AUTH_HEADER, rsa_key=None, resource_owner_key=<enter your access token>, client_secret=****, callback_uri=None, client_key=<enter your consumer key>>
2016-07-24 15:23:13,855 - requests_oauthlib.oauth1_auth - DEBUG - Including body in call to sign: True
2016-07-24 15:23:13,856 - oauthlib.oauth1.rfc5849 - DEBUG - Collected params: [(u'delimited', u'length'), (u'oauth_nonce', u'67188482238718704661469373793'), (u'oauth_timestamp', u'1469373793'), (u'oauth_consumer_key', u'<enter your consumer key>'), (u'oauth_signature_method', u'HMAC-SHA1'), (u'oauth_version', u'1.0'), (u'oauth_token', u'<enter your access token>'), (u'track', u'a,the,i,you,u'), (u'language', u'en')]
2016-07-24 15:23:13,856 - oauthlib.oauth1.rfc5849 - DEBUG - Normalized params: delimited=length&language=en&oauth_consumer_key=%3Center%20your%20consumer%20key%3E&oauth_nonce=67188482238718704661469373793&oauth_signature_method=HMAC-SHA1&oauth_timestamp=1469373793&oauth_token=%3Center%20your%20access%20token%3E&oauth_version=1.0&track=a%2Cthe%2Ci%2Cyou%2Cu
2016-07-24 15:23:13,856 - oauthlib.oauth1.rfc5849 - DEBUG - Normalized URI: https://stream.twitter.com/1.1/statuses/filter.json
2016-07-24 15:23:13,857 - oauthlib.oauth1.rfc5849 - DEBUG - Base signing string: POST&https%3A%2F%2Fstream.twitter.com%2F1.1%2Fstatuses%2Ffilter.json&delimited%3Dlength%26language%3Den%26oauth_consumer_key%3D%253Center%2520your%2520consumer%2520key%253E%26oauth_nonce%3D67188482238718704661469373793%26oauth_signature_method%3DHMAC-SHA1%26oauth_timestamp%3D1469373793%26oauth_token%3D%253Center%2520your%2520access%2520token%253E%26oauth_version%3D1.0%26track%3Da%252Cthe%252Ci%252Cyou%252Cu
2016-07-24 15:23:13,857 - oauthlib.oauth1.rfc5849 - DEBUG - Signature: MP9OMeDdEw/7F60oEdf782uUaE0=
2016-07-24 15:23:13,857 - requests_oauthlib.oauth1_auth - DEBUG - Updated url: https://stream.twitter.com/1.1/statuses/filter.json?delimited=length
2016-07-24 15:23:13,857 - requests_oauthlib.oauth1_auth - DEBUG - Updated headers: {u'Content-Length': u'39', u'Content-Type': u'application/x-www-form-urlencoded', u'Authorization': u'OAuth oauth_nonce="67188482238718704661469373793", oauth_timestamp="1469373793", oauth_version="1.0", oauth_signature_method="HMAC-SHA1", oauth_consumer_key="%3Center%20your%20consumer%20key%3E", oauth_token="%3Center%20your%20access%20token%3E", oauth_signature="MP9OMeDdEw%2F7F60oEdf782uUaE0%3D"'}
2016-07-24 15:23:13,857 - requests_oauthlib.oauth1_auth - DEBUG - Updated body: u'track=a%2Cthe%2Ci%2Cyou%2Cu&language=en'
2016-07-24 15:23:13,858 - requests.packages.urllib3.connectionpool - INFO - Starting new HTTPS connection (5): stream.twitter.com
2016-07-24 15:23:13,925 - requests.packages.urllib3.connectionpool - DEBUG - "POST /1.1/statuses/filter.json?delimited=length HTTP/1.1" 401 283
2016-07-24 15:24:34,008 - requests_oauthlib.oauth1_auth - DEBUG - Signing request <PreparedRequest [POST]> using client <Client nonce=None, signature_method=HMAC-SHA1, realm=None, encoding=utf-8, timestamp=None, resource_owner_secret=****, decoding=None, verifier=None, signature_type=AUTH_HEADER, rsa_key=None, resource_owner_key=<enter your access token>, client_secret=****, callback_uri=None, client_key=<enter your consumer key>>
2016-07-24 15:24:34,008 - requests_oauthlib.oauth1_auth - DEBUG - Including body in call to sign: True
2016-07-24 15:24:34,009 - oauthlib.oauth1.rfc5849 - DEBUG - Collected params: [(u'delimited', u'length'), (u'oauth_nonce', u'168725470778997098321469373874'), (u'oauth_timestamp', u'1469373874'), (u'oauth_consumer_key', u'<enter your consumer key>'), (u'oauth_signature_method', u'HMAC-SHA1'), (u'oauth_version', u'1.0'), (u'oauth_token', u'<enter your access token>'), (u'track', u'a,the,i,you,u'), (u'language', u'en')]
2016-07-24 15:24:34,009 - oauthlib.oauth1.rfc5849 - DEBUG - Normalized params: delimited=length&language=en&oauth_consumer_key=%3Center%20your%20consumer%20key%3E&oauth_nonce=168725470778997098321469373874&oauth_signature_method=HMAC-SHA1&oauth_timestamp=1469373874&oauth_token=%3Center%20your%20access%20token%3E&oauth_version=1.0&track=a%2Cthe%2Ci%2Cyou%2Cu
2016-07-24 15:24:34,009 - oauthlib.oauth1.rfc5849 - DEBUG - Normalized URI: https://stream.twitter.com/1.1/statuses/filter.json
2016-07-24 15:24:34,009 - oauthlib.oauth1.rfc5849 - DEBUG - Base signing string: POST&https%3A%2F%2Fstream.twitter.com%2F1.1%2Fstatuses%2Ffilter.json&delimited%3Dlength%26language%3Den%26oauth_consumer_key%3D%253Center%2520your%2520consumer%2520key%253E%26oauth_nonce%3D168725470778997098321469373874%26oauth_signature_method%3DHMAC-SHA1%26oauth_timestamp%3D1469373874%26oauth_token%3D%253Center%2520your%2520access%2520token%253E%26oauth_version%3D1.0%26track%3Da%252Cthe%252Ci%252Cyou%252Cu
2016-07-24 15:24:34,010 - oauthlib.oauth1.rfc5849 - DEBUG - Signature: hL6WUeIPoLLrG2JTTR6FYtnkeZU=
2016-07-24 15:24:34,010 - requests_oauthlib.oauth1_auth - DEBUG - Updated url: https://stream.twitter.com/1.1/statuses/filter.json?delimited=length
2016-07-24 15:24:34,010 - requests_oauthlib.oauth1_auth - DEBUG - Updated headers: {u'Content-Length': u'39', u'Content-Type': u'application/x-www-form-urlencoded', u'Authorization': u'OAuth oauth_nonce="168725470778997098321469373874", oauth_timestamp="1469373874", oauth_version="1.0", oauth_signature_method="HMAC-SHA1", oauth_consumer_key="%3Center%20your%20consumer%20key%3E", oauth_token="%3Center%20your%20access%20token%3E", oauth_signature="hL6WUeIPoLLrG2JTTR6FYtnkeZU%3D"'}
2016-07-24 15:24:34,010 - requests_oauthlib.oauth1_auth - DEBUG - Updated body: u'track=a%2Cthe%2Ci%2Cyou%2Cu&language=en'
2016-07-24 15:24:34,011 - requests.packages.urllib3.connectionpool - INFO - Starting new HTTPS connection (6): stream.twitter.com
2016-07-24 15:24:34,080 - requests.packages.urllib3.connectionpool - DEBUG - "POST /1.1/statuses/filter.json?delimited=length HTTP/1.1" 401 283
